2025-02-25 13:42:06,026 - migration - DEBUG - Verbose mode enabled
2025-02-25 13:42:06,027 - migration - INFO - Starting migration from C:\Users\idont\OneDrive\Desktop\SI Opportunity Manager\SI-Opportunity-Manager---Current-State-02-2025\storage\files to Supabase bucket 'opportunity-files'
2025-02-25 13:42:06,027 - migration - INFO - Dry run: True
2025-02-25 13:42:06,028 - migration - INFO - Found 6 files to migrate.
2025-02-25 13:42:06,028 - migration - INFO - Dry run mode. No files will be uploaded.
2025-02-25 13:42:06,028 - migration - INFO - Would upload C:\Users\idont\OneDrive\Desktop\SI Opportunity Manager\SI-Opportunity-Manager---Current-State-02-2025\storage\files\2025\02\39af0c3e1f35560aec2f03a7eebf1d468114c7851a18e983d83461cf8150aeb1.pdf to 2025\02\39af0c3e1f35560aec2f03a7eebf1d468114c7851a18e983d83461cf8150aeb1.pdf
2025-02-25 13:42:06,028 - migration - INFO - Would upload C:\Users\idont\OneDrive\Desktop\SI Opportunity Manager\SI-Opportunity-Manager---Current-State-02-2025\storage\files\2025\02\472c124e24cf408f48c87b74e5ff76f1c620f5ac93ca4506004409cdfae9391e.pdf to 2025\02\472c124e24cf408f48c87b74e5ff76f1c620f5ac93ca4506004409cdfae9391e.pdf
2025-02-25 13:42:06,029 - migration - INFO - Would upload C:\Users\idont\OneDrive\Desktop\SI Opportunity Manager\SI-Opportunity-Manager---Current-State-02-2025\storage\files\2025\02\6c4519110a8606b8c255cd8dd937c05bdc7f61eedfee519277c4241ca9193973.pdf to 2025\02\6c4519110a8606b8c255cd8dd937c05bdc7f61eedfee519277c4241ca9193973.pdf
2025-02-25 13:42:06,029 - migration - INFO - Would upload C:\Users\idont\OneDrive\Desktop\SI Opportunity Manager\SI-Opportunity-Manager---Current-State-02-2025\storage\files\2025\02\6cb5b64723be1a3e4988526199ad8285813e592e5a2e39b86bfece96c36251f1.pdf to 2025\02\6cb5b64723be1a3e4988526199ad8285813e592e5a2e39b86bfece96c36251f1.pdf
2025-02-25 13:42:06,029 - migration - INFO - Would upload C:\Users\idont\OneDrive\Desktop\SI Opportunity Manager\SI-Opportunity-Manager---Current-State-02-2025\storage\files\2025\02\899ae83bfc6a8d9b2516cfb0a37face483ff0474e9d0ebbe5ed8c5747d7477fb.pdf to 2025\02\899ae83bfc6a8d9b2516cfb0a37face483ff0474e9d0ebbe5ed8c5747d7477fb.pdf
2025-02-25 13:42:06,029 - migration - INFO - Would upload C:\Users\idont\OneDrive\Desktop\SI Opportunity Manager\SI-Opportunity-Manager---Current-State-02-2025\storage\files\2025\02\92986869e4fb83b4d1fd6258f5b626773d6ee57f50fcfb931a2d37991ad32bc3.pdf to 2025\02\92986869e4fb83b4d1fd6258f5b626773d6ee57f50fcfb931a2d37991ad32bc3.pdf
2025-02-25 13:42:18,086 - migration - DEBUG - Verbose mode enabled
2025-02-25 13:42:18,086 - migration - INFO - Starting migration from C:\Users\idont\OneDrive\Desktop\SI Opportunity Manager\SI-Opportunity-Manager---Current-State-02-2025\storage\files to Supabase bucket 'opportunity-files'
2025-02-25 13:42:18,086 - migration - INFO - Dry run: False
2025-02-25 13:42:18,087 - migration - INFO - Found 6 files to migrate.
2025-02-25 13:42:18,100 - migration - DEBUG - Uploading C:\Users\idont\OneDrive\Desktop\SI Opportunity Manager\SI-Opportunity-Manager---Current-State-02-2025\storage\files\2025\02\39af0c3e1f35560aec2f03a7eebf1d468114c7851a18e983d83461cf8150aeb1.pdf to 2025\02\39af0c3e1f35560aec2f03a7eebf1d468114c7851a18e983d83461cf8150aeb1.pdf
2025-02-25 13:42:19,084 - httpx - INFO - HTTP Request: POST https://uizmncjqkjkuchzjckzn.supabase.co/storage/v1/object/opportunity-files/2025\02\39af0c3e1f35560aec2f03a7eebf1d468114c7851a18e983d83461cf8150aeb1.pdf "HTTP/2 400 Bad Request"
2025-02-25 13:42:19,084 - migration - ERROR - Failed to upload 2025\02\39af0c3e1f35560aec2f03a7eebf1d468114c7851a18e983d83461cf8150aeb1.pdf
2025-02-25 13:42:19,089 - migration - DEBUG - Uploading C:\Users\idont\OneDrive\Desktop\SI Opportunity Manager\SI-Opportunity-Manager---Current-State-02-2025\storage\files\2025\02\472c124e24cf408f48c87b74e5ff76f1c620f5ac93ca4506004409cdfae9391e.pdf to 2025\02\472c124e24cf408f48c87b74e5ff76f1c620f5ac93ca4506004409cdfae9391e.pdf
2025-02-25 13:42:19,892 - httpx - INFO - HTTP Request: POST https://uizmncjqkjkuchzjckzn.supabase.co/storage/v1/object/opportunity-files/2025\02\472c124e24cf408f48c87b74e5ff76f1c620f5ac93ca4506004409cdfae9391e.pdf "HTTP/2 400 Bad Request"
2025-02-25 13:42:19,896 - migration - ERROR - Failed to upload 2025\02\472c124e24cf408f48c87b74e5ff76f1c620f5ac93ca4506004409cdfae9391e.pdf
2025-02-25 13:42:19,896 - migration - DEBUG - Uploading C:\Users\idont\OneDrive\Desktop\SI Opportunity Manager\SI-Opportunity-Manager---Current-State-02-2025\storage\files\2025\02\6c4519110a8606b8c255cd8dd937c05bdc7f61eedfee519277c4241ca9193973.pdf to 2025\02\6c4519110a8606b8c255cd8dd937c05bdc7f61eedfee519277c4241ca9193973.pdf
2025-02-25 13:42:21,607 - httpx - INFO - HTTP Request: POST https://uizmncjqkjkuchzjckzn.supabase.co/storage/v1/object/opportunity-files/2025\02\6c4519110a8606b8c255cd8dd937c05bdc7f61eedfee519277c4241ca9193973.pdf "HTTP/2 400 Bad Request"
2025-02-25 13:42:21,609 - migration - ERROR - Failed to upload 2025\02\6c4519110a8606b8c255cd8dd937c05bdc7f61eedfee519277c4241ca9193973.pdf
2025-02-25 13:42:21,609 - migration - DEBUG - Uploading C:\Users\idont\OneDrive\Desktop\SI Opportunity Manager\SI-Opportunity-Manager---Current-State-02-2025\storage\files\2025\02\6cb5b64723be1a3e4988526199ad8285813e592e5a2e39b86bfece96c36251f1.pdf to 2025\02\6cb5b64723be1a3e4988526199ad8285813e592e5a2e39b86bfece96c36251f1.pdf
2025-02-25 13:42:22,373 - httpx - INFO - HTTP Request: POST https://uizmncjqkjkuchzjckzn.supabase.co/storage/v1/object/opportunity-files/2025\02\6cb5b64723be1a3e4988526199ad8285813e592e5a2e39b86bfece96c36251f1.pdf "HTTP/2 400 Bad Request"
2025-02-25 13:42:22,375 - migration - ERROR - Failed to upload 2025\02\6cb5b64723be1a3e4988526199ad8285813e592e5a2e39b86bfece96c36251f1.pdf
2025-02-25 13:42:22,375 - migration - DEBUG - Uploading C:\Users\idont\OneDrive\Desktop\SI Opportunity Manager\SI-Opportunity-Manager---Current-State-02-2025\storage\files\2025\02\899ae83bfc6a8d9b2516cfb0a37face483ff0474e9d0ebbe5ed8c5747d7477fb.pdf to 2025\02\899ae83bfc6a8d9b2516cfb0a37face483ff0474e9d0ebbe5ed8c5747d7477fb.pdf
2025-02-25 13:42:23,209 - httpx - INFO - HTTP Request: POST https://uizmncjqkjkuchzjckzn.supabase.co/storage/v1/object/opportunity-files/2025\02\899ae83bfc6a8d9b2516cfb0a37face483ff0474e9d0ebbe5ed8c5747d7477fb.pdf "HTTP/2 400 Bad Request"
2025-02-25 13:42:23,212 - migration - ERROR - Failed to upload 2025\02\899ae83bfc6a8d9b2516cfb0a37face483ff0474e9d0ebbe5ed8c5747d7477fb.pdf
2025-02-25 13:42:23,213 - migration - DEBUG - Uploading C:\Users\idont\OneDrive\Desktop\SI Opportunity Manager\SI-Opportunity-Manager---Current-State-02-2025\storage\files\2025\02\92986869e4fb83b4d1fd6258f5b626773d6ee57f50fcfb931a2d37991ad32bc3.pdf to 2025\02\92986869e4fb83b4d1fd6258f5b626773d6ee57f50fcfb931a2d37991ad32bc3.pdf
2025-02-25 13:42:24,051 - httpx - INFO - HTTP Request: POST https://uizmncjqkjkuchzjckzn.supabase.co/storage/v1/object/opportunity-files/2025\02\92986869e4fb83b4d1fd6258f5b626773d6ee57f50fcfb931a2d37991ad32bc3.pdf "HTTP/2 400 Bad Request"
2025-02-25 13:42:24,051 - migration - ERROR - Failed to upload 2025\02\92986869e4fb83b4d1fd6258f5b626773d6ee57f50fcfb931a2d37991ad32bc3.pdf
2025-02-25 13:42:24,052 - migration - INFO - Migration completed. 0 files uploaded successfully, 6 errors.
2025-02-25 13:43:17,890 - migration - DEBUG - Verbose mode enabled
2025-02-25 13:43:17,890 - migration - INFO - Starting migration from C:\Users\idont\OneDrive\Desktop\SI Opportunity Manager\SI-Opportunity-Manager---Current-State-02-2025\storage\files to Supabase bucket 'opportunity-files'
2025-02-25 13:43:17,890 - migration - INFO - Dry run: True
2025-02-25 13:43:17,891 - migration - INFO - Found 6 files to migrate.
2025-02-25 13:43:17,891 - migration - INFO - Dry run mode. No files will be uploaded.
2025-02-25 13:43:17,891 - migration - INFO - Would upload C:\Users\idont\OneDrive\Desktop\SI Opportunity Manager\SI-Opportunity-Manager---Current-State-02-2025\storage\files\2025\02\39af0c3e1f35560aec2f03a7eebf1d468114c7851a18e983d83461cf8150aeb1.pdf to 2025/02/39af0c3e1f35560aec2f03a7eebf1d468114c7851a18e983d83461cf8150aeb1.pdf
2025-02-25 13:43:17,891 - migration - INFO - Would upload C:\Users\idont\OneDrive\Desktop\SI Opportunity Manager\SI-Opportunity-Manager---Current-State-02-2025\storage\files\2025\02\472c124e24cf408f48c87b74e5ff76f1c620f5ac93ca4506004409cdfae9391e.pdf to 2025/02/472c124e24cf408f48c87b74e5ff76f1c620f5ac93ca4506004409cdfae9391e.pdf
2025-02-25 13:43:17,891 - migration - INFO - Would upload C:\Users\idont\OneDrive\Desktop\SI Opportunity Manager\SI-Opportunity-Manager---Current-State-02-2025\storage\files\2025\02\6c4519110a8606b8c255cd8dd937c05bdc7f61eedfee519277c4241ca9193973.pdf to 2025/02/6c4519110a8606b8c255cd8dd937c05bdc7f61eedfee519277c4241ca9193973.pdf
2025-02-25 13:43:17,891 - migration - INFO - Would upload C:\Users\idont\OneDrive\Desktop\SI Opportunity Manager\SI-Opportunity-Manager---Current-State-02-2025\storage\files\2025\02\6cb5b64723be1a3e4988526199ad8285813e592e5a2e39b86bfece96c36251f1.pdf to 2025/02/6cb5b64723be1a3e4988526199ad8285813e592e5a2e39b86bfece96c36251f1.pdf
2025-02-25 13:43:17,892 - migration - INFO - Would upload C:\Users\idont\OneDrive\Desktop\SI Opportunity Manager\SI-Opportunity-Manager---Current-State-02-2025\storage\files\2025\02\899ae83bfc6a8d9b2516cfb0a37face483ff0474e9d0ebbe5ed8c5747d7477fb.pdf to 2025/02/899ae83bfc6a8d9b2516cfb0a37face483ff0474e9d0ebbe5ed8c5747d7477fb.pdf
2025-02-25 13:43:17,892 - migration - INFO - Would upload C:\Users\idont\OneDrive\Desktop\SI Opportunity Manager\SI-Opportunity-Manager---Current-State-02-2025\storage\files\2025\02\92986869e4fb83b4d1fd6258f5b626773d6ee57f50fcfb931a2d37991ad32bc3.pdf to 2025/02/92986869e4fb83b4d1fd6258f5b626773d6ee57f50fcfb931a2d37991ad32bc3.pdf
2025-02-25 13:43:26,042 - migration - DEBUG - Verbose mode enabled
2025-02-25 13:43:26,042 - migration - INFO - Starting migration from C:\Users\idont\OneDrive\Desktop\SI Opportunity Manager\SI-Opportunity-Manager---Current-State-02-2025\storage\files to Supabase bucket 'opportunity-files'
2025-02-25 13:43:26,042 - migration - INFO - Dry run: False
2025-02-25 13:43:26,043 - migration - INFO - Found 6 files to migrate.
2025-02-25 13:43:26,046 - migration - DEBUG - Uploading C:\Users\idont\OneDrive\Desktop\SI Opportunity Manager\SI-Opportunity-Manager---Current-State-02-2025\storage\files\2025\02\39af0c3e1f35560aec2f03a7eebf1d468114c7851a18e983d83461cf8150aeb1.pdf to 2025/02/39af0c3e1f35560aec2f03a7eebf1d468114c7851a18e983d83461cf8150aeb1.pdf
2025-02-25 13:43:27,126 - httpx - INFO - HTTP Request: POST https://uizmncjqkjkuchzjckzn.supabase.co/storage/v1/object/opportunity-files/2025/02/39af0c3e1f35560aec2f03a7eebf1d468114c7851a18e983d83461cf8150aeb1.pdf "HTTP/2 200 OK"
2025-02-25 13:43:27,128 - migration - INFO - Successfully uploaded 2025/02/39af0c3e1f35560aec2f03a7eebf1d468114c7851a18e983d83461cf8150aeb1.pdf to Supabase
2025-02-25 13:43:27,128 - migration - DEBUG - Uploading C:\Users\idont\OneDrive\Desktop\SI Opportunity Manager\SI-Opportunity-Manager---Current-State-02-2025\storage\files\2025\02\472c124e24cf408f48c87b74e5ff76f1c620f5ac93ca4506004409cdfae9391e.pdf to 2025/02/472c124e24cf408f48c87b74e5ff76f1c620f5ac93ca4506004409cdfae9391e.pdf
2025-02-25 13:43:27,982 - httpx - INFO - HTTP Request: POST https://uizmncjqkjkuchzjckzn.supabase.co/storage/v1/object/opportunity-files/2025/02/472c124e24cf408f48c87b74e5ff76f1c620f5ac93ca4506004409cdfae9391e.pdf "HTTP/2 200 OK"
2025-02-25 13:43:27,984 - migration - INFO - Successfully uploaded 2025/02/472c124e24cf408f48c87b74e5ff76f1c620f5ac93ca4506004409cdfae9391e.pdf to Supabase
2025-02-25 13:43:27,985 - migration - DEBUG - Uploading C:\Users\idont\OneDrive\Desktop\SI Opportunity Manager\SI-Opportunity-Manager---Current-State-02-2025\storage\files\2025\02\6c4519110a8606b8c255cd8dd937c05bdc7f61eedfee519277c4241ca9193973.pdf to 2025/02/6c4519110a8606b8c255cd8dd937c05bdc7f61eedfee519277c4241ca9193973.pdf
2025-02-25 13:43:29,778 - httpx - INFO - HTTP Request: POST https://uizmncjqkjkuchzjckzn.supabase.co/storage/v1/object/opportunity-files/2025/02/6c4519110a8606b8c255cd8dd937c05bdc7f61eedfee519277c4241ca9193973.pdf "HTTP/2 200 OK"
2025-02-25 13:43:29,780 - migration - INFO - Successfully uploaded 2025/02/6c4519110a8606b8c255cd8dd937c05bdc7f61eedfee519277c4241ca9193973.pdf to Supabase
2025-02-25 13:43:29,781 - migration - DEBUG - Uploading C:\Users\idont\OneDrive\Desktop\SI Opportunity Manager\SI-Opportunity-Manager---Current-State-02-2025\storage\files\2025\02\6cb5b64723be1a3e4988526199ad8285813e592e5a2e39b86bfece96c36251f1.pdf to 2025/02/6cb5b64723be1a3e4988526199ad8285813e592e5a2e39b86bfece96c36251f1.pdf
2025-02-25 13:43:31,021 - httpx - INFO - HTTP Request: POST https://uizmncjqkjkuchzjckzn.supabase.co/storage/v1/object/opportunity-files/2025/02/6cb5b64723be1a3e4988526199ad8285813e592e5a2e39b86bfece96c36251f1.pdf "HTTP/2 200 OK"
2025-02-25 13:43:31,022 - migration - INFO - Successfully uploaded 2025/02/6cb5b64723be1a3e4988526199ad8285813e592e5a2e39b86bfece96c36251f1.pdf to Supabase
2025-02-25 13:43:31,023 - migration - DEBUG - Uploading C:\Users\idont\OneDrive\Desktop\SI Opportunity Manager\SI-Opportunity-Manager---Current-State-02-2025\storage\files\2025\02\899ae83bfc6a8d9b2516cfb0a37face483ff0474e9d0ebbe5ed8c5747d7477fb.pdf to 2025/02/899ae83bfc6a8d9b2516cfb0a37face483ff0474e9d0ebbe5ed8c5747d7477fb.pdf
2025-02-25 13:43:32,005 - httpx - INFO - HTTP Request: POST https://uizmncjqkjkuchzjckzn.supabase.co/storage/v1/object/opportunity-files/2025/02/899ae83bfc6a8d9b2516cfb0a37face483ff0474e9d0ebbe5ed8c5747d7477fb.pdf "HTTP/2 200 OK"
2025-02-25 13:43:32,007 - migration - INFO - Successfully uploaded 2025/02/899ae83bfc6a8d9b2516cfb0a37face483ff0474e9d0ebbe5ed8c5747d7477fb.pdf to Supabase
2025-02-25 13:43:32,007 - migration - DEBUG - Uploading C:\Users\idont\OneDrive\Desktop\SI Opportunity Manager\SI-Opportunity-Manager---Current-State-02-2025\storage\files\2025\02\92986869e4fb83b4d1fd6258f5b626773d6ee57f50fcfb931a2d37991ad32bc3.pdf to 2025/02/92986869e4fb83b4d1fd6258f5b626773d6ee57f50fcfb931a2d37991ad32bc3.pdf
2025-02-25 13:43:33,094 - httpx - INFO - HTTP Request: POST https://uizmncjqkjkuchzjckzn.supabase.co/storage/v1/object/opportunity-files/2025/02/92986869e4fb83b4d1fd6258f5b626773d6ee57f50fcfb931a2d37991ad32bc3.pdf "HTTP/2 200 OK"
2025-02-25 13:43:33,096 - migration - INFO - Successfully uploaded 2025/02/92986869e4fb83b4d1fd6258f5b626773d6ee57f50fcfb931a2d37991ad32bc3.pdf to Supabase
2025-02-25 13:43:33,097 - migration - INFO - Migration completed. 6 files uploaded successfully, 0 errors.
